<?xml version="1.0" encoding="UTF-8"?>
<!-- Generated by org.testng.reporters.JUnitReportReporter -->
<testsuite hostname="personal-laptop" name="firsttestngpackage.HelloWorld" tests="1" failures="0" timestamp="15 Oct 2015 01:48:29 GMT" time="0.021" errors="0">
  <testcase name="Hello" time="0.021" classname="firsttestngpackage.HelloWorld"/>
</testsuite> <!-- firsttestngpackage.HelloWorld -->
