<?xml version="1.0" encoding="UTF-8"?>
<!-- Generated by org.testng.reporters.JUnitReportReporter -->
<testsuite hostname="personal-laptop" name="firsttestngpackage.pYear" tests="1" failures="0" timestamp="15 Oct 2015 19:04:26 GMT" time="7.729" errors="0">
  <testcase name="presidentByYear" time="7.729" classname="firsttestngpackage.pYear"/>
</testsuite> <!-- firsttestngpackage.pYear -->
