<?xml version="1.0" encoding="UTF-8"?>
<!-- Generated by org.testng.reporters.JUnitReportReporter -->
<testsuite hostname="personal-laptop" name="firsttestngpackage.FirstTestNGFile" tests="1" failures="0" timestamp="15 Oct 2015 01:48:29 GMT" time="2.492" errors="0">
  <testcase name="verifyHomePageTitle" time="2.492" classname="firsttestngpackage.FirstTestNGFile"/>
</testsuite> <!-- firsttestngpackage.FirstTestNGFile -->
