<?xml version="1.0" encoding="UTF-8"?>
<!-- Generated by org.testng.reporters.JUnitReportReporter -->
<testsuite hostname="personal-laptop" name="firsttestngpackage.HelloWorld" tests="1" failures="0" timestamp="28 Sep 2015 00:08:25 GMT" time="0.128" errors="0">
  <testcase name="Hello" time="0.128" classname="firsttestngpackage.HelloWorld"/>
</testsuite> <!-- firsttestngpackage.HelloWorld -->
