<?xml version="1.0" encoding="UTF-8"?>
<!-- Generated by org.testng.reporters.JUnitReportReporter -->
<testsuite hostname="personal-laptop" name="firsttestngpackage.FirstTestNGFile" tests="1" failures="0" timestamp="28 Sep 2015 00:08:25 GMT" time="2.930" errors="0">
  <testcase name="verifyHomePageTitle" time="2.930" classname="firsttestngpackage.FirstTestNGFile"/>
</testsuite> <!-- firsttestngpackage.FirstTestNGFile -->
